<?xml version="1.0" encoding="UTF-8"?>
<!-- Generated by org.testng.reporters.JUnitReportReporter -->
<testsuite hostname="PNL-5CD209FSV6" failures="0" tests="5" name="testDemo.Demo_methodusing_hashmap" time="3.852" errors="0" timestamp="2023-04-21T23:00:41 IST" skipped="0">
  <testcase classname="testDemo.Demo_methodusing_hashmap" name="GET_for_listusers" time="2.069"/>
  <system-out/>
  <testcase classname="testDemo.Demo_methodusing_hashmap" name="GET_single_user" time="0.073"/>
  <system-out/>
  <testcase classname="testDemo.Demo_methodusing_hashmap" name="POST_user" time="0.798"/>
  <system-out/>
  <testcase classname="testDemo.Demo_methodusing_hashmap" name="PUT_user" time="0.472"/>
  <system-out/>
  <testcase classname="testDemo.Demo_methodusing_hashmap" name="DELETE" time="0.440"/>
  <system-out/>
</testsuite> <!-- testDemo.Demo_methodusing_hashmap -->
