<?xml version="1.0" encoding="UTF-8"?>
<!-- Generated by org.testng.reporters.JUnitReportReporter -->
<testsuite hostname="PNL-5CD209FSV6" failures="0" tests="9" name="api.test.DDTest" time="13.289" errors="0" timestamp="2023-04-21T23:01:23 IST" skipped="0">
  <testcase classname="api.test.DDTest" name="testPOSTUser" time="2.686"/>
  <system-out/>
  <testcase classname="api.test.DDTest" name="testPOSTUser" time="1.308"/>
  <system-out/>
  <testcase classname="api.test.DDTest" name="testPOSTUser" time="1.260"/>
  <system-out/>
  <testcase classname="api.test.DDTest" name="GETUserbyName" time="1.696"/>
  <system-out/>
  <testcase classname="api.test.DDTest" name="GETUserbyName" time="1.317"/>
  <system-out/>
  <testcase classname="api.test.DDTest" name="GETUserbyName" time="1.209"/>
  <system-out/>
  <testcase classname="api.test.DDTest" name="DELETEUserbyName" time="1.289"/>
  <system-out/>
  <testcase classname="api.test.DDTest" name="DELETEUserbyName" time="1.242"/>
  <system-out/>
  <testcase classname="api.test.DDTest" name="DELETEUserbyName" time="1.282"/>
  <system-out/>
</testsuite> <!-- api.test.DDTest -->
