<?xml version="1.0" encoding="UTF-8"?>
<!-- Generated by org.testng.reporters.JUnitReportReporter -->
<testsuite hostname="PNL-5CD209FSV6" failures="0" tests="9" name="api.test.DDTest" time="16.828" errors="0" timestamp="2023-04-24T12:47:30 IST" skipped="0">
  <testcase classname="api.test.DDTest" name="testPOSTUser" time="1.444"/>
  <system-out/>
  <testcase classname="api.test.DDTest" name="testPOSTUser" time="5.205"/>
  <system-out/>
  <testcase classname="api.test.DDTest" name="testPOSTUser" time="1.639"/>
  <system-out/>
  <testcase classname="api.test.DDTest" name="GETUserbyName" time="1.276"/>
  <system-out/>
  <testcase classname="api.test.DDTest" name="GETUserbyName" time="1.432"/>
  <system-out/>
  <testcase classname="api.test.DDTest" name="GETUserbyName" time="1.411"/>
  <system-out/>
  <testcase classname="api.test.DDTest" name="DELETEUserbyName" time="1.533"/>
  <system-out/>
  <testcase classname="api.test.DDTest" name="DELETEUserbyName" time="1.438"/>
  <system-out/>
  <testcase classname="api.test.DDTest" name="DELETEUserbyName" time="1.450"/>
  <system-out/>
</testsuite> <!-- api.test.DDTest -->
