<?xml version="1.0" encoding="UTF-8"?>
<!-- Generated by org.testng.reporters.JUnitReportReporter -->
<testsuite hostname="PNL-5CD209FSV6" failures="0" tests="9" name="api.test.DDTest" time="15.720" errors="0" timestamp="2023-04-21T22:31:32 IST" skipped="0">
  <testcase classname="api.test.DDTest" name="testPOSTUser" time="1.567"/>
  <system-out/>
  <testcase classname="api.test.DDTest" name="testPOSTUser" time="3.505"/>
  <system-out/>
  <testcase classname="api.test.DDTest" name="testPOSTUser" time="1.506"/>
  <system-out/>
  <testcase classname="api.test.DDTest" name="GETUserbyName" time="1.526"/>
  <system-out/>
  <testcase classname="api.test.DDTest" name="GETUserbyName" time="1.584"/>
  <system-out/>
  <testcase classname="api.test.DDTest" name="GETUserbyName" time="1.462"/>
  <system-out/>
  <testcase classname="api.test.DDTest" name="DELETEUserbyName" time="1.554"/>
  <system-out/>
  <testcase classname="api.test.DDTest" name="DELETEUserbyName" time="1.489"/>
  <system-out/>
  <testcase classname="api.test.DDTest" name="DELETEUserbyName" time="1.527"/>
  <system-out/>
</testsuite> <!-- api.test.DDTest -->
